<?xml version="1.0" encoding="UTF-8"?>
<!-- Generated by org.testng.reporters.JUnitReportReporter -->
<testsuite hostname="zMachine" failures="0" tests="2" name="com.RealEstate.testCases.PropertiesForSaleTest" time="17.599" errors="0" timestamp="2021-02-25T15:11:45 AEDT" skipped="0">
  <testcase classname="com.RealEstate.testCases.PropertiesForSaleTest" name="List_all_properties_Test" time="10.520"/>
  <system-out/>
  <testcase classname="com.RealEstate.testCases.PropertiesForSaleTest" name="Verify_AgentDetailsTest" time="7.079"/>
  <system-out/>
</testsuite> <!-- com.RealEstate.testCases.PropertiesForSaleTest -->
