<?xml version="1.0" encoding="UTF-8"?>
<!-- Generated by org.testng.reporters.JUnitReportReporter -->
<testsuite hostname="zMachine" failures="0" tests="2" name="com.RealEstate.testCases.PropertiesForSaleTest" time="14.467" errors="0" timestamp="2021-02-23T17:45:01 AEDT" skipped="0">
  <testcase classname="com.RealEstate.testCases.PropertiesForSaleTest" name="Verify_AgentDetailsTest" time="7.139"/>
  <system-out/>
  <testcase classname="com.RealEstate.testCases.PropertiesForSaleTest" name="List_all_properties_Test" time="7.328"/>
  <system-out/>
</testsuite> <!-- com.RealEstate.testCases.PropertiesForSaleTest -->
