<?xml version="1.0" encoding="UTF-8"?>
<!-- Generated by org.testng.reporters.JUnitReportReporter -->
<testsuite hostname="zMachine" failures="0" tests="1" name="com.RealEstate.testCases.AgentInfoTest" time="0.061" errors="0" timestamp="2021-02-25T15:10:15 AEDT" skipped="0">
  <testcase classname="com.RealEstate.testCases.AgentInfoTest" name="verifyAgentLabel" time="0.061"/>
  <system-out/>
</testsuite> <!-- com.RealEstate.testCases.AgentInfoTest -->
