<?xml version="1.0" encoding="UTF-8"?>
<!-- Generated by org.testng.reporters.JUnitReportReporter -->
<testsuite hostname="zMachine" failures="0" tests="1" name="com.RealEstate.testCases.PropertiesForSaleTest" time="27.571" errors="0" timestamp="2021-02-23T16:46:18 AEDT" skipped="0">
  <testcase classname="com.RealEstate.testCases.PropertiesForSaleTest" name="List_all_properties_Test" time="27.571"/>
  <system-out/>
</testsuite> <!-- com.RealEstate.testCases.PropertiesForSaleTest -->
