<?xml version="1.0" encoding="UTF-8"?>
<!-- Generated by org.testng.reporters.JUnitReportReporter -->
<testsuite hostname="zMachine" failures="0" tests="2" name="com.RealEstate.testCases.HomePageTest" time="38.880" errors="0" timestamp="2021-02-25T15:10:15 AEDT" skipped="0">
  <testcase classname="com.RealEstate.testCases.HomePageTest" name="verify_Title_Test" time="15.196"/>
  <system-out/>
  <testcase classname="com.RealEstate.testCases.HomePageTest" name="Search_Property_Test" time="23.684"/>
  <system-out/>
</testsuite> <!-- com.RealEstate.testCases.HomePageTest -->
