<?xml version="1.0" encoding="UTF-8"?>
<!-- Generated by org.testng.reporters.JUnitReportReporter -->
<testsuite hostname="zMachine" failures="0" tests="2" name="com.RealEstate.testCases.HomePageTest" time="30.855" errors="0" timestamp="2021-02-23T16:05:45 AEDT" skipped="0">
  <testcase classname="com.RealEstate.testCases.HomePageTest" name="verify_Title_Test" time="12.066"/>
  <system-out/>
  <testcase classname="com.RealEstate.testCases.HomePageTest" name="Search_Property_Test" time="18.789"/>
  <system-out/>
</testsuite> <!-- com.RealEstate.testCases.HomePageTest -->
